2026-03-13 13:02:20 [main] INFO  Log - Starting WebDriver...
2026-03-13 13:02:47 [main] INFO  Log - Navigating to URL...
2026-03-13 13:02:51 [main] INFO  Log - Starting login test...
2026-03-13 13:02:51 [main] INFO  Log - Adding credentails
2026-03-13 13:02:51 [main] INFO  Log - Clicking login button...
2026-03-13 13:02:58 [main] INFO  Log - Verifying page title
2026-03-13 13:02:58 [main] INFO  Log - Closing Browser...
2026-03-13 13:04:50 [main] INFO  Log - Starting WebDriver...
2026-03-13 13:04:52 [main] INFO  Log - Navigating to URL...
2026-03-13 13:04:53 [main] INFO  Log - Starting login test...
2026-03-13 13:04:53 [main] INFO  Log - Adding credentails
2026-03-13 13:04:54 [main] INFO  Log - Clicking login button...
2026-03-13 13:04:58 [main] INFO  Log - Verifying page title
2026-03-13 13:04:58 [main] INFO  Log - Closing Browser...
2026-03-13 13:06:01 [main] INFO  Log - Starting WebDriver...
2026-03-13 13:06:03 [main] INFO  Log - Navigating to URL...
2026-03-13 13:06:04 [main] INFO  Log - Starting login test...
2026-03-13 13:06:04 [main] INFO  Log - Adding credentails
2026-03-13 13:06:04 [main] INFO  Log - Clicking login button...
2026-03-13 13:06:08 [main] INFO  Log - Verifying page title
2026-03-13 13:06:08 [main] INFO  Log - Closing Browser...
